<?xml version="1.0" encoding="UTF-8"?>
<coverage generated="1603839630407" clover="3.2.0">
  <project timestamp="1603839630407" name="All files">
    <metrics statements="35" coveredstatements="35" conditionals="4" coveredconditionals="4" methods="8" coveredmethods="8" elements="47" coveredelements="47" complexity="0" loc="35" ncloc="35" packages="1" files="1" classes="1"/>
    <file name="app.js" path="/home/lrmiguel/gostack/portfolio-backend/src/app.js">
      <metrics statements="35" coveredstatements="35" conditionals="4" coveredconditionals="4" methods="8" coveredmethods="8"/>
      <line num="1" count="2" type="stmt"/>
      <line num="2" count="2" type="stmt"/>
      <line num="3" count="2" type="stmt"/>
      <line num="7" count="2" type="stmt"/>
      <line num="9" count="2" type="stmt"/>
      <line num="10" count="2" type="stmt"/>
      <line num="13" count="15" type="stmt"/>
      <line num="16" count="2" type="stmt"/>
      <line num="18" count="2" type="stmt"/>
      <line num="20" count="2" type="stmt"/>
      <line num="21" count="2" type="stmt"/>
      <line num="24" count="2" type="stmt"/>
      <line num="25" count="6" type="stmt"/>
      <line num="27" count="6" type="stmt"/>
      <line num="35" count="6" type="stmt"/>
      <line num="37" count="6" type="stmt"/>
      <line num="41" count="2" type="stmt"/>
      <line num="42" count="2" type="stmt"/>
      <line num="44" count="2" type="stmt"/>
      <line num="46" count="6" type="stmt"/>
      <line num="48" count="2" type="cond" truecount="2" falsecount="0"/>
      <line num="49" count="1" type="stmt"/>
      <line num="52" count="1" type="stmt"/>
      <line num="54" count="1" type="stmt"/>
      <line num="62" count="1" type="stmt"/>
      <line num="64" count="1" type="stmt"/>
      <line num="67" count="2" type="stmt"/>
      <line num="68" count="2" type="stmt"/>
      <line num="70" count="9" type="stmt"/>
      <line num="72" count="2" type="cond" truecount="2" falsecount="0"/>
      <line num="73" count="1" type="stmt"/>
      <line num="76" count="1" type="stmt"/>
      <line num="78" count="1" type="stmt"/>
      <line num="81" count="2" type="stmt"/>
      <line num="85" count="2" type="stmt"/>
    </file>
  </project>
</coverage>
