{"/home/lrmiguel/gostack/portfolio-backend/src/app.js": {"path":"/home/lrmiguel/gostack/portfolio-backend/src/app.js","statementMap":{"0":{"start":{"line":1,"column":16},"end":{"line":1,"column":34}},"1":{"start":{"line":2,"column":13},"end":{"line":2,"column":28}},"2":{"start":{"line":3,"column":33},"end":{"line":3,"column":48}},"3":{"start":{"line":7,"column":12},"end":{"line":7,"column":21}},"4":{"start":{"line":9,"column":0},"end":{"line":9,"column":24}},"5":{"start":{"line":10,"column":0},"end":{"line":10,"column":16}},"6":{"start":{"line":13,"column":2},"end":{"line":13,"column":9}},"7":{"start":{"line":16,"column":0},"end":{"line":16,"column":24}},"8":{"start":{"line":18,"column":21},"end":{"line":18,"column":23}},"9":{"start":{"line":20,"column":0},"end":{"line":22,"column":3}},"10":{"start":{"line":21,"column":2},"end":{"line":21,"column":37}},"11":{"start":{"line":24,"column":0},"end":{"line":39,"column":3}},"12":{"start":{"line":25,"column":32},"end":{"line":25,"column":44}},"13":{"start":{"line":27,"column":21},"end":{"line":33,"column":3}},"14":{"start":{"line":35,"column":2},"end":{"line":35,"column":32}},"15":{"start":{"line":37,"column":2},"end":{"line":37,"column":47}},"16":{"start":{"line":41,"column":0},"end":{"line":65,"column":3}},"17":{"start":{"line":42,"column":17},"end":{"line":42,"column":31}},"18":{"start":{"line":44,"column":32},"end":{"line":44,"column":44}},"19":{"start":{"line":46,"column":26},"end":{"line":46,"column":84}},"20":{"start":{"line":46,"column":63},"end":{"line":46,"column":83}},"21":{"start":{"line":48,"column":2},"end":{"line":50,"column":3}},"22":{"start":{"line":49,"column":4},"end":{"line":49,"column":73}},"23":{"start":{"line":52,"column":27},"end":{"line":52,"column":56}},"24":{"start":{"line":54,"column":28},"end":{"line":60,"column":3}},"25":{"start":{"line":62,"column":2},"end":{"line":62,"column":52}},"26":{"start":{"line":64,"column":2},"end":{"line":64,"column":54}},"27":{"start":{"line":67,"column":0},"end":{"line":79,"column":3}},"28":{"start":{"line":68,"column":17},"end":{"line":68,"column":31}},"29":{"start":{"line":70,"column":26},"end":{"line":70,"column":84}},"30":{"start":{"line":70,"column":63},"end":{"line":70,"column":83}},"31":{"start":{"line":72,"column":2},"end":{"line":74,"column":3}},"32":{"start":{"line":73,"column":4},"end":{"line":73,"column":73}},"33":{"start":{"line":76,"column":2},"end":{"line":76,"column":42}},"34":{"start":{"line":78,"column":2},"end":{"line":78,"column":37}},"35":{"start":{"line":81,"column":0},"end":{"line":83,"column":3}},"36":{"start":{"line":85,"column":0},"end":{"line":85,"column":21}}},"fnMap":{"0":{"name":"validateIsUuid","decl":{"start":{"line":12,"column":9},"end":{"line":12,"column":23}},"loc":{"start":{"line":12,"column":49},"end":{"line":14,"column":1}},"line":12},"1":{"name":"(anonymous_1)","decl":{"start":{"line":20,"column":25},"end":{"line":20,"column":26}},"loc":{"start":{"line":20,"column":48},"end":{"line":22,"column":1}},"line":20},"2":{"name":"(anonymous_2)","decl":{"start":{"line":24,"column":26},"end":{"line":24,"column":27}},"loc":{"start":{"line":24,"column":49},"end":{"line":39,"column":1}},"line":24},"3":{"name":"(anonymous_3)","decl":{"start":{"line":41,"column":29},"end":{"line":41,"column":30}},"loc":{"start":{"line":41,"column":52},"end":{"line":65,"column":1}},"line":41},"4":{"name":"(anonymous_4)","decl":{"start":{"line":46,"column":49},"end":{"line":46,"column":50}},"loc":{"start":{"line":46,"column":63},"end":{"line":46,"column":83}},"line":46},"5":{"name":"(anonymous_5)","decl":{"start":{"line":67,"column":32},"end":{"line":67,"column":33}},"loc":{"start":{"line":67,"column":55},"end":{"line":79,"column":1}},"line":67},"6":{"name":"(anonymous_6)","decl":{"start":{"line":70,"column":49},"end":{"line":70,"column":50}},"loc":{"start":{"line":70,"column":63},"end":{"line":70,"column":83}},"line":70},"7":{"name":"(anonymous_7)","decl":{"start":{"line":81,"column":35},"end":{"line":81,"column":36}},"loc":{"start":{"line":81,"column":58},"end":{"line":83,"column":1}},"line":81}},"branchMap":{"0":{"loc":{"start":{"line":48,"column":2},"end":{"line":50,"column":3}},"type":"if","locations":[{"start":{"line":48,"column":2},"end":{"line":50,"column":3}},{"start":{"line":48,"column":2},"end":{"line":50,"column":3}}],"line":48},"1":{"loc":{"start":{"line":72,"column":2},"end":{"line":74,"column":3}},"type":"if","locations":[{"start":{"line":72,"column":2},"end":{"line":74,"column":3}},{"start":{"line":72,"column":2},"end":{"line":74,"column":3}}],"line":72}},"s":{"0":2,"1":2,"2":2,"3":2,"4":2,"5":2,"6":15,"7":2,"8":2,"9":2,"10":2,"11":2,"12":6,"13":6,"14":6,"15":6,"16":2,"17":2,"18":2,"19":2,"20":6,"21":2,"22":1,"23":1,"24":1,"25":1,"26":1,"27":2,"28":2,"29":2,"30":9,"31":2,"32":1,"33":1,"34":1,"35":2,"36":2},"f":{"0":15,"1":2,"2":6,"3":2,"4":6,"5":2,"6":9,"7":3},"b":{"0":[1,1],"1":[1,1]},"_coverageSchema":"1a1c01bbd47fc00a2c39e90264f33305004495a9","hash":"dd9e9b03d60266d4af7297b923463d3680cc316d"}
}
