TN:
SF:src/app.js
FN:12,validateIsUuid
FN:20,(anonymous_1)
FN:24,(anonymous_2)
FN:41,(anonymous_3)
FN:46,(anonymous_4)
FN:67,(anonymous_5)
FN:70,(anonymous_6)
FN:81,(anonymous_7)
FNF:8
FNH:8
FNDA:15,validateIsUuid
FNDA:2,(anonymous_1)
FNDA:6,(anonymous_2)
FNDA:2,(anonymous_3)
FNDA:6,(anonymous_4)
FNDA:2,(anonymous_5)
FNDA:9,(anonymous_6)
FNDA:3,(anonymous_7)
DA:1,2
DA:2,2
DA:3,2
DA:7,2
DA:9,2
DA:10,2
DA:13,15
DA:16,2
DA:18,2
DA:20,2
DA:21,2
DA:24,2
DA:25,6
DA:27,6
DA:35,6
DA:37,6
DA:41,2
DA:42,2
DA:44,2
DA:46,6
DA:48,2
DA:49,1
DA:52,1
DA:54,1
DA:62,1
DA:64,1
DA:67,2
DA:68,2
DA:70,9
DA:72,2
DA:73,1
DA:76,1
DA:78,1
DA:81,2
DA:85,2
LF:35
LH:35
BRDA:48,0,0,1
BRDA:48,0,1,1
BRDA:72,1,0,1
BRDA:72,1,1,1
BRF:4
BRH:4
end_of_record
